  main.cpp
d:\projects\opencv\dip_class_final\dip_class_final\main.cpp(12): warning C4267: “初始化”: 从“size_t”转换到“int”，可能丢失数据
d:\projects\opencv\dip_class_final\dip_class_final\main.cpp(48): warning C4244: “初始化”: 从“int”转换到“float”，可能丢失数据
d:\projects\opencv\dip_class_final\dip_class_final\main.cpp(63): warning C4244: “=”: 从“_Tp”转换到“float”，可能丢失数据
          with
          [
              _Tp=int
          ]
d:\projects\opencv\dip_class_final\dip_class_final\main.cpp(65): warning C4244: “=”: 从“_Tp”转换到“float”，可能丢失数据
          with
          [
              _Tp=int
          ]
d:\projects\opencv\dip_class_final\dip_class_final\main.cpp(67): warning C4244: “=”: 从“_Tp”转换到“float”，可能丢失数据
          with
          [
              _Tp=int
          ]
d:\projects\opencv\dip_class_final\dip_class_final\main.cpp(69): warning C4244: “=”: 从“_Tp”转换到“float”，可能丢失数据
          with
          [
              _Tp=int
          ]
d:\projects\opencv\dip_class_final\dip_class_final\main.cpp(84): warning C4244: “参数”: 从“float”转换到“_Tp”，可能丢失数据
          with
          [
              _Tp=int
          ]
d:\projects\opencv\dip_class_final\dip_class_final\main.cpp(111): warning C4244: “初始化”: 从“const _Ty”转换到“int”，可能丢失数据
          with
          [
              _Ty=float
          ]
d:\projects\opencv\dip_class_final\dip_class_final\main.cpp(112): warning C4244: “初始化”: 从“const _Ty”转换到“int”，可能丢失数据
          with
          [
              _Ty=float
          ]
d:\projects\opencv\dip_class_final\dip_class_final\main.cpp(205): warning C4244: “参数”: 从“double”转换到“_Tp”，可能丢失数据
          with
          [
              _Tp=int
          ]
  dip_class_final.vcxproj -> D:\Projects\openCV\dip_class_final\x64\Debug\dip_class_final.exe
